<?xml version="1.0" encoding="utf-8"?>
<TestRun id="0fdb8bf2-523b-467c-97b0-f0e0fec60818" name="tkmra@VJS1278 2026-09-08 00:47:10" runUser="VJS1278\tkmra" xmlns="http://microsoft.com/schemas/VisualStudio/TeamTest/2010">
  <Times creation="2026-09-08T00:47:10.3317784+09:00" queuing="2026-09-08T00:47:10.3317788+09:00" start="2026-09-08T00:46:56.5283897+09:00" finish="2026-09-08T00:47:10.3381549+09:00" />
  <TestSettings name="default" id="bfad909b-6f2b-4701-885b-ec9f583f2d63">
    <Deployment runDeploymentRoot="tkmra_VJS1278_2026-09-08_00_47_10" />
  </TestSettings>
  <Results>
    <UnitTestResult executionId="5de87433-120d-4951-9cc1-72720c4a0a01" testId="7774cb7b-3daa-e763-5170-71840eb79ae6" testName="VbaLanguageServer.Tests.VbaInteractiveSemanticReadinessPerformanceTests.Release_CommonModules_cold_interactive_semantic_readiness_is_within_budget" computerName="VJS1278" duration="00:00:09.7280944" startTime="2026-09-08T00:47:00.5394111+09:00" endTime="2026-09-08T00:47:10.2457174+09:00" testType="13cdc9d9-ddb5-4fa4-a97d-d965ccfc6d4b" outcome="Passed" testListId="8c84fa94-04c1-424b-9868-57a2d4851a1d" relativeResultsDirectory="5de87433-120d-4951-9cc1-72720c4a0a01">
      <Output>
        <StdOut>activeSource=C:\Users\tkmra\source\repos\excel-macros-workspace\xls-common-modules\CommonModules\src\CommonModules\Lib_Common.bas&#xD;
source commit=not measured, worktree=not measured, corpusRevision=not measured&#xD;
command=dotnet test VbaLanguageServer.Tests.csproj -c Release -m:1 --filter FullyQualifiedName~VbaInteractiveSemanticReadinessPerformanceTests&#xD;
os=Microsoft Windows 10.0.26200&#xD;
framework=.NET 10.0.8&#xD;
architecture os=X64, process=X64&#xD;
cpu=Intel64 Family 6 Model 186 Stepping 3, GenuineIntel, logicalProcessors=12&#xD;
build=Release, targetFramework=.NETCoreApp,Version=v8.0, runtime=10.0.8, sdk=not measured, serverGC=False&#xD;
ram=not measured, powerMode=not measured, competingLoad=not measured, processFreshness=caller-controlled&#xD;
project manifestDocuments=1, sourceDocuments=94, lines=50846, argumentLists=49097, semanticTokens=5016&#xD;
measurement warmups=0, samples=1, outlierRemoval=none, workspaceCache=fresh, osFileSystemCache=uncontrolled&#xD;
phase openDocument=1272.429 ms&#xD;
phase capture=335.674 ms&#xD;
phase scopeCapture=334.763 ms&#xD;
phase snapshotAdmission=0.911 ms&#xD;
phase diskInventory=3309.737 ms&#xD;
phase semanticInventory=86.975 ms&#xD;
phase storeReturn=9.095 ms&#xD;
cold interactiveSemanticReadiness=3.7415 s&#xD;
phase semanticTokenProjection=2185.979 ms&#xD;
baseline=49.907 s, improvement=92.50 %, budget=9.9814 s&#xD;
separateProjections eventualProjectValidation=verified-by-deterministic-suite, supplementalLspPhases=not measured&#xD;
correctness activeSourceRevision=exact-open-text, semanticTokenContent=nonempty-and-well-formed, finalProjectDiagnostics=verified-by-regression-suite</StdOut>
      </Output>
    </UnitTestResult>
  </Results>
  <TestDefinitions>
    <UnitTest name="VbaLanguageServer.Tests.VbaInteractiveSemanticReadinessPerformanceTests.Release_CommonModules_cold_interactive_semantic_readiness_is_within_budget" storage="c:\users\tkmra\source\repos\excel-macros-workspace\vba-tools\.tmp\issue-365-baseline\tools\vba-language-server\tests\vbalanguageserver.tests\bin\release\net10.0\vbalanguageserver.tests.dll" id="7774cb7b-3daa-e763-5170-71840eb79ae6">
      <Execution id="5de87433-120d-4951-9cc1-72720c4a0a01" />
      <TestMethod codeBase="C:\Users\tkmra\source\repos\excel-macros-workspace\vba-tools\.tmp\issue-365-baseline\tools\vba-language-server\tests\VbaLanguageServer.Tests\bin\Release\net10.0\VbaLanguageServer.Tests.dll" adapterTypeName="executor://xunit/VsTestRunner3/netcore/" className="VbaLanguageServer.Tests.VbaInteractiveSemanticReadinessPerformanceTests" name="Release_CommonModules_cold_interactive_semantic_readiness_is_within_budget" />
    </UnitTest>
  </TestDefinitions>
  <TestEntries>
    <TestEntry testId="7774cb7b-3daa-e763-5170-71840eb79ae6" executionId="5de87433-120d-4951-9cc1-72720c4a0a01" testListId="8c84fa94-04c1-424b-9868-57a2d4851a1d" />
  </TestEntries>
  <TestLists>
    <TestList name="一覧に存在しない結果" id="8c84fa94-04c1-424b-9868-57a2d4851a1d" />
    <TestList name="読み込まれたすべての結果" id="19431567-8539-422a-85d7-44ee4e166bda" />
  </TestLists>
  <ResultSummary outcome="Completed">
    <Counters total="1" executed="1" passed="1" failed="0" error="0" timeout="0" aborted="0" inconclusive="0" passedButRunAborted="0" notRunnable="0" notExecuted="0" disconnected="0" warning="0" completed="0" inProgress="0" pending="0" />
    <Output>
      <StdOut>[xUnit.net 00:00:00.00] xUnit.net VSTest Adapter v3.1.4+50e68bbb8b (64-bit .NET 10.0.8)&#xD;
[xUnit.net 00:00:02.08]   Discovering: VbaLanguageServer.Tests&#xD;
[xUnit.net 00:00:02.52]   Discovered:  VbaLanguageServer.Tests&#xD;
[xUnit.net 00:00:02.56]   Starting:    VbaLanguageServer.Tests&#xD;
[xUnit.net 00:00:12.34]   Finished:    VbaLanguageServer.Tests&#xD;
</StdOut>
    </Output>
  </ResultSummary>
</TestRun>
