<?xml version="1.0" encoding="utf-8"?>
<TestRun id="f4e34b30-a7e5-43c2-8285-3fa3824232f9" name="tkmra@VJS1278 2026-09-08 01:42:23" runUser="VJS1278\tkmra" xmlns="http://microsoft.com/schemas/VisualStudio/TeamTest/2010">
  <Times creation="2026-09-08T01:42:23.5150468+09:00" queuing="2026-09-08T01:42:23.5150562+09:00" start="2026-09-08T01:42:13.8063917+09:00" finish="2026-09-08T01:42:23.5223858+09:00" />
  <TestSettings name="default" id="778b207f-2882-4a07-ad79-3e60661a3002">
    <Deployment runDeploymentRoot="tkmra_VJS1278_2026-09-08_01_42_23" />
  </TestSettings>
  <Results>
    <UnitTestResult executionId="2741169c-7ef5-48cb-85dc-8d850ee4cdba" testId="7774cb7b-3daa-e763-5170-71840eb79ae6" testName="VbaLanguageServer.Tests.VbaInteractiveSemanticReadinessPerformanceTests.Release_CommonModules_cold_interactive_semantic_readiness_is_within_budget" computerName="VJS1278" duration="00:00:08.9193067" startTime="2026-09-08T01:42:14.4871279+09:00" endTime="2026-09-08T01:42:23.4124946+09:00" testType="13cdc9d9-ddb5-4fa4-a97d-d965ccfc6d4b" outcome="Passed" testListId="8c84fa94-04c1-424b-9868-57a2d4851a1d" relativeResultsDirectory="2741169c-7ef5-48cb-85dc-8d850ee4cdba">
      <Output>
        <StdOut>retention entries=1, accountedBytes=371541492, inventoryEstimateBytes=367424512, managedHeapBytes=134288408&#xD;
activeSource=C:\Users\tkmra\source\repos\excel-macros-workspace\xls-common-modules\CommonModules\src\CommonModules\Lib_Common.bas&#xD;
source commit=not measured, worktree=not measured, corpusRevision=not measured&#xD;
command=dotnet test VbaLanguageServer.Tests.csproj -c Release -m:1 --filter FullyQualifiedName~VbaInteractiveSemanticReadinessPerformanceTests&#xD;
os=Microsoft Windows 10.0.26200&#xD;
framework=.NET 10.0.8&#xD;
architecture os=X64, process=X64&#xD;
cpu=Intel64 Family 6 Model 186 Stepping 3, GenuineIntel, logicalProcessors=12&#xD;
build=Release, targetFramework=.NETCoreApp,Version=v8.0, runtime=10.0.8, sdk=not measured, serverGC=False&#xD;
ram=not measured, powerMode=not measured, competingLoad=not measured, processFreshness=caller-controlled&#xD;
project manifestDocuments=1, sourceDocuments=94, lines=50846, argumentLists=49097, semanticTokens=5016&#xD;
measurement warmups=0, samples=1, outlierRemoval=none, workspaceCache=fresh, osFileSystemCache=uncontrolled&#xD;
phase openDocument=1095.402 ms&#xD;
phase capture=59.794 ms&#xD;
phase scopeCapture=58.638 ms&#xD;
phase snapshotAdmission=1.156 ms&#xD;
phase diskInventory=3014.188 ms&#xD;
phase semanticInventory=128.310 ms&#xD;
phase storeReturn=8.703 ms&#xD;
cold interactiveSemanticReadiness=3.2110 s&#xD;
phase semanticTokenProjection=2118.793 ms&#xD;
baseline=49.907 s, improvement=93.57 %, budget=9.9814 s&#xD;
separateProjections eventualProjectValidation=verified-by-deterministic-suite, supplementalLspPhases=not measured&#xD;
correctness activeSourceRevision=exact-open-text, semanticTokenContent=nonempty-and-well-formed, finalProjectDiagnostics=verified-by-regression-suite</StdOut>
      </Output>
    </UnitTestResult>
  </Results>
  <TestDefinitions>
    <UnitTest name="VbaLanguageServer.Tests.VbaInteractiveSemanticReadinessPerformanceTests.Release_CommonModules_cold_interactive_semantic_readiness_is_within_budget" storage="c:\users\tkmra\source\repos\excel-macros-workspace\vba-tools\tools\vba-language-server\tests\vbalanguageserver.tests\bin\release\net10.0\vbalanguageserver.tests.dll" id="7774cb7b-3daa-e763-5170-71840eb79ae6">
      <Execution id="2741169c-7ef5-48cb-85dc-8d850ee4cdba" />
      <TestMethod codeBase="C:\Users\tkmra\source\repos\excel-macros-workspace\vba-tools\tools\vba-language-server\tests\VbaLanguageServer.Tests\bin\Release\net10.0\VbaLanguageServer.Tests.dll" adapterTypeName="executor://xunit/VsTestRunner3/netcore/" className="VbaLanguageServer.Tests.VbaInteractiveSemanticReadinessPerformanceTests" name="Release_CommonModules_cold_interactive_semantic_readiness_is_within_budget" />
    </UnitTest>
  </TestDefinitions>
  <TestEntries>
    <TestEntry testId="7774cb7b-3daa-e763-5170-71840eb79ae6" executionId="2741169c-7ef5-48cb-85dc-8d850ee4cdba" testListId="8c84fa94-04c1-424b-9868-57a2d4851a1d" />
  </TestEntries>
  <TestLists>
    <TestList name="一覧に存在しない結果" id="8c84fa94-04c1-424b-9868-57a2d4851a1d" />
    <TestList name="読み込まれたすべての結果" id="19431567-8539-422a-85d7-44ee4e166bda" />
  </TestLists>
  <ResultSummary outcome="Completed">
    <Counters total="1" executed="1" passed="1" failed="0" error="0" timeout="0" aborted="0" inconclusive="0" passedButRunAborted="0" notRunnable="0" notExecuted="0" disconnected="0" warning="0" completed="0" inProgress="0" pending="0" />
    <Output>
      <StdOut>[xUnit.net 00:00:00.00] xUnit.net VSTest Adapter v3.1.4+50e68bbb8b (64-bit .NET 10.0.8)&#xD;
[xUnit.net 00:00:00.12]   Discovering: VbaLanguageServer.Tests&#xD;
[xUnit.net 00:00:00.33]   Discovered:  VbaLanguageServer.Tests&#xD;
[xUnit.net 00:00:00.34]   Starting:    VbaLanguageServer.Tests&#xD;
[xUnit.net 00:00:09.30]   Finished:    VbaLanguageServer.Tests&#xD;
</StdOut>
    </Output>
  </ResultSummary>
</TestRun>
